0 info it worked if it ends with ok
1 verbose cli [ 'C:\\Program Files\\nodejs\\node.exe',
1 verbose cli   'C:\\Program Files\\nodejs\\node_modules\\npm\\bin\\npm-cli.js',
1 verbose cli   'run',
1 verbose cli   'compile',
1 verbose cli   '--display-error-details' ]
2 info using npm@3.8.3
3 info using node@v5.10.1
4 verbose run-script [ 'precompile', 'compile', 'postcompile' ]
5 info lifecycle lab5@1.0.0~precompile: lab5@1.0.0
6 silly lifecycle lab5@1.0.0~precompile: no script for precompile, continuing
7 info lifecycle lab5@1.0.0~compile: lab5@1.0.0
8 verbose lifecycle lab5@1.0.0~compile: unsafe-perm in lifecycle true
9 verbose lifecycle lab5@1.0.0~compile: PATH: C:\Program Files\nodejs\node_modules\npm\bin\node-gyp-bin;C:\Users\donncha\Google Drive\Work\DIT\Year 4\Rich Web Dev\Labs\Lab5\node_modules\.bin;C:\Program Files\nodejs;C:\app\donncha\product\11.2.0\dbhome_1\bin;C:\app\dcassidyhand\product\12.1.0\dbhome_1\bin;C:\app\chdonncha\product\12.1.0\dbhome_1\bin;C:\ProgramData\Oracle\Java\javapath;console;C:\xampp\mysql\bin;C:\Program Files\Java\jdk1.7.0_75\bin\;C:\Program Files (x86)\apache-ant-1.9.4\bin;C:\WINDOWS\system32;C:\WINDOWS;C:\WINDOWS\System32\Wbem;C:\WINDOWS\System32\WindowsPowerShell\v1.0\;C:\adb;C:\Program Files (x86)\GtkSharp\2.12\bin;C:\Program Files (x86)\Windows Kits\8.1\Windows Performance Toolkit\;C:\Program Files\nodejs\;C:\WINDOWS\system32;C:\WINDOWS;C:\WINDOWS\System32\Wbem;C:\WINDOWS\System32\WindowsPowerShell\v1.0\;C:\Program Files (x86)\Skype\Phone\;C:\Program Files (x86)\pgmodeler;C:\HashiCorp\Vagrant\bin;C:\xampp\php;C:\ProgramData\ComposerSetup\bin;C:\ProgramData\chocolatey\bin;C:\Program Files\Java\jdk1.8.0_102\bin;C:\Users\donncha\AppData\Local\Android\android-sdk\tools;C:\Users\donncha\AppData\Local\Android\android-sdk\platform-tools;C:\WINDOWS\system32\config\systemprofile\.dnx\bin;C:\Program Files\Microsoft DNX\Dnvm\;C:\Program Files\Microsoft SQL Server\130\Tools\Binn\;C:\Ruby23-x64\bin;C:\Users\donncha\AppData\Local\atom\bin;C:\Users\donncha\AppData\Roaming\npm;C:\Users\donncha\AppData\Local\Microsoft\WindowsApps;C:\Users\donncha\AppData\Roaming\Composer\vendor\bin;C:\Users\donncha\AppData\Roaming\Boxstarter;C:\Program Files (x86)\Git\bin\;C:\Program Files (x86)\Microsoft VS Code\bin;C:\Program Files\LLVM\bin
10 verbose lifecycle lab5@1.0.0~compile: CWD: C:\Users\donncha\Google Drive\Work\DIT\Year 4\Rich Web Dev\Labs\Lab5
11 silly lifecycle lab5@1.0.0~compile: Args: [ '/d /s /c', 'webpack --watch ./q1.js bundle.js' ]
12 silly lifecycle lab5@1.0.0~compile: Returned: code: 1  signal: null
13 info lifecycle lab5@1.0.0~compile: Failed to exec compile script
14 verbose stack Error: lab5@1.0.0 compile: `webpack --watch ./q1.js bundle.js`
14 verbose stack Exit status 1
14 verbose stack     at EventEmitter.<anonymous> (C:\Program Files\nodejs\node_modules\npm\lib\utils\lifecycle.js:239:16)
14 verbose stack     at emitTwo (events.js:100:13)
14 verbose stack     at EventEmitter.emit (events.js:185:7)
14 verbose stack     at ChildProcess.<anonymous> (C:\Program Files\nodejs\node_modules\npm\lib\utils\spawn.js:24:14)
14 verbose stack     at emitTwo (events.js:100:13)
14 verbose stack     at ChildProcess.emit (events.js:185:7)
14 verbose stack     at maybeClose (internal/child_process.js:850:16)
14 verbose stack     at Process.ChildProcess._handle.onexit (internal/child_process.js:215:5)
15 verbose pkgid lab5@1.0.0
16 verbose cwd C:\Users\donncha\Google Drive\Work\DIT\Year 4\Rich Web Dev\Labs\Lab5
17 error Windows_NT 10.0.14393
18 error argv "C:\\Program Files\\nodejs\\node.exe" "C:\\Program Files\\nodejs\\node_modules\\npm\\bin\\npm-cli.js" "run" "compile" "--display-error-details"
19 error node v5.10.1
20 error npm  v3.8.3
21 error code ELIFECYCLE
22 error lab5@1.0.0 compile: `webpack --watch ./q1.js bundle.js`
22 error Exit status 1
23 error Failed at the lab5@1.0.0 compile script 'webpack --watch ./q1.js bundle.js'.
23 error Make sure you have the latest version of node.js and npm installed.
23 error If you do, this is most likely a problem with the lab5 package,
23 error not with npm itself.
23 error Tell the author that this fails on your system:
23 error     webpack --watch ./q1.js bundle.js
23 error You can get information on how to open an issue for this project with:
23 error     npm bugs lab5
23 error Or if that isn't available, you can get their info via:
23 error     npm owner ls lab5
23 error There is likely additional logging output above.
24 verbose exit [ 1, true ]
