0 info it worked if it ends with ok
1 verbose cli [ 'C:\\Program Files\\nodejs\\node.exe',
1 verbose cli   'C:\\Users\\donncha\\AppData\\Roaming\\npm\\node_modules\\npm\\bin\\npm-cli.js',
1 verbose cli   'run',
1 verbose cli   'start' ]
2 info using npm@4.0.2
3 info using node@v6.9.1
4 verbose run-script [ 'prestart', 'start', 'poststart' ]
5 info lifecycle es6-starter@1.0.0~prestart: es6-starter@1.0.0
6 silly lifecycle es6-starter@1.0.0~prestart: no script for prestart, continuing
7 info lifecycle es6-starter@1.0.0~start: es6-starter@1.0.0
8 verbose lifecycle es6-starter@1.0.0~start: unsafe-perm in lifecycle true
9 verbose lifecycle es6-starter@1.0.0~start: PATH: C:\Users\donncha\AppData\Roaming\npm\node_modules\npm\bin\node-gyp-bin;C:\Users\donncha\Desktop\RichWeb_Lab 5\q2\node_modules\.bin;C:\app\donncha\product\11.2.0\dbhome_1\bin;C:\app\dcassidyhand\product\12.1.0\dbhome_1\bin;C:\app\chdonncha\product\12.1.0\dbhome_1\bin;C:\ProgramData\Oracle\Java\javapath;console;C:\xampp\mysql\bin;C:\Program Files\Java\jdk1.7.0_75\bin\;C:\Program Files (x86)\apache-ant-1.9.4\bin;C:\WINDOWS\system32;C:\WINDOWS;C:\WINDOWS\System32\Wbem;C:\WINDOWS\System32\WindowsPowerShell\v1.0\;C:\adb;C:\Program Files (x86)\GtkSharp\2.12\bin;C:\Program Files (x86)\Windows Kits\8.1\Windows Performance Toolkit\;C:\WINDOWS\system32;C:\WINDOWS;C:\WINDOWS\System32\Wbem;C:\WINDOWS\System32\WindowsPowerShell\v1.0\;C:\Program Files (x86)\Skype\Phone\;C:\Program Files (x86)\pgmodeler;C:\HashiCorp\Vagrant\bin;C:\xampp\php;C:\ProgramData\ComposerSetup\bin;C:\ProgramData\chocolatey\bin;C:\Program Files\Java\jdk1.8.0_102\bin;C:\Users\donncha\AppData\Local\Android\android-sdk\tools;C:\Users\donncha\AppData\Local\Android\android-sdk\platform-tools;C:\WINDOWS\system32\config\systemprofile\.dnx\bin;C:\Program Files\Microsoft DNX\Dnvm\;C:\Program Files\Microsoft SQL Server\130\Tools\Binn\;C:\Program Files\nodejs\;C:\Ruby23-x64\bin;C:\Users\donncha\AppData\Local\atom\bin;C:\Users\donncha\AppData\Local\Microsoft\WindowsApps;C:\Users\donncha\AppData\Roaming\Composer\vendor\bin;C:\Users\donncha\AppData\Roaming\Boxstarter;C:\Program Files (x86)\Git\bin\;C:\Program Files (x86)\Microsoft VS Code\bin;C:\Program Files\LLVM\bin;C:\Users\donncha\AppData\Roaming\npm
10 verbose lifecycle es6-starter@1.0.0~start: CWD: C:\Users\donncha\Desktop\RichWeb_Lab 5\q2
11 silly lifecycle es6-starter@1.0.0~start: Args: [ '/d /s /c', 'webpack-dev-server --watch --hot --inline' ]
12 silly lifecycle es6-starter@1.0.0~start: Returned: code: 3221225786  signal: null
13 info lifecycle es6-starter@1.0.0~start: Failed to exec start script
14 verbose stack Error: es6-starter@1.0.0 start: `webpack-dev-server --watch --hot --inline`
14 verbose stack Exit status 3221225786
14 verbose stack     at EventEmitter.<anonymous> (C:\Users\donncha\AppData\Roaming\npm\node_modules\npm\lib\utils\lifecycle.js:279:16)
14 verbose stack     at emitTwo (events.js:106:13)
14 verbose stack     at EventEmitter.emit (events.js:191:7)
14 verbose stack     at ChildProcess.<anonymous> (C:\Users\donncha\AppData\Roaming\npm\node_modules\npm\lib\utils\spawn.js:40:14)
14 verbose stack     at emitTwo (events.js:106:13)
14 verbose stack     at ChildProcess.emit (events.js:191:7)
14 verbose stack     at maybeClose (internal/child_process.js:877:16)
14 verbose stack     at Process.ChildProcess._handle.onexit (internal/child_process.js:226:5)
15 verbose pkgid es6-starter@1.0.0
16 verbose cwd C:\Users\donncha\Desktop\RichWeb_Lab 5\q2
17 error Windows_NT 10.0.14393
18 error argv "C:\\Program Files\\nodejs\\node.exe" "C:\\Users\\donncha\\AppData\\Roaming\\npm\\node_modules\\npm\\bin\\npm-cli.js" "run" "start"
19 error node v6.9.1
20 error npm  v4.0.2
21 error code ELIFECYCLE
22 error es6-starter@1.0.0 start: `webpack-dev-server --watch --hot --inline`
22 error Exit status 3221225786
23 error Failed at the es6-starter@1.0.0 start script 'webpack-dev-server --watch --hot --inline'.
23 error Make sure you have the latest version of node.js and npm installed.
23 error If you do, this is most likely a problem with the es6-starter package,
23 error not with npm itself.
23 error Tell the author that this fails on your system:
23 error     webpack-dev-server --watch --hot --inline
23 error You can get information on how to open an issue for this project with:
23 error     npm bugs es6-starter
23 error Or if that isn't available, you can get their info via:
23 error     npm owner ls es6-starter
23 error There is likely additional logging output above.
24 verbose exit [ 1, true ]
